[green]FULL Check PASSED[/green]
[green]Watermark RECOVERED: cdc_f599a049be3f_260114103924946[/green]
[blue]INCREMENTAL Sync | Task: 127_0_0_1_6001_cdc_torture_up_torture_tbl_to_cdc_torture_ds1_torture_tbl | From cdc_f599a049be3f_260114103924946[/blue]
[green]Sync SUCCESS | cdc_f599a049be3f_260114103925046[/green]
[blue]FULL Sync | Task: 127_0_0_1_6001_cdc_stress_up_stress_tbl_to_cdc_stress_ds_stress_tbl[/blue]
[green]Sync SUCCESS | cdc_a96388ed89a1_260114103929422[/green]
[blue]FULL Sync | Task: 127_0_0_1_6001_cdc_crash_up_crash_tbl_to_cdc_crash_ds_crash_tbl[/blue]
[green]Sync SUCCESS | cdc_1212f2950930_260114104048986[/green]
[blue]INCREMENTAL Sync | Task: 127_0_0_1_6001_cdc_crash_up_crash_tbl_to_cdc_crash_ds_crash_tbl | From cdc_1212f2950930_260114104048986[/blue]
[green]Sync SUCCESS | cdc_1212f2950930_260114104054073[/green]
[blue]INCREMENTAL Sync | Task: 127_0_0_1_6001_cdc_crash_up_crash_tbl_to_cdc_crash_ds_crash_tbl | From cdc_1212f2950930_260114104054073[/blue]
[green]Sync SUCCESS | cdc_1212f2950930_260114104059183[/green]
[blue]INCREMENTAL Sync | Task: 127_0_0_1_6001_cdc_crash_up_crash_tbl_to_cdc_crash_ds_crash_tbl | From cdc_1212f2950930_260114104059183[/blue]
[green]Sync SUCCESS | cdc_1212f2950930_260114104104285[/green]
[blue]INCREMENTAL Sync | Task: 127_0_0_1_6001_cdc_crash_up_crash_tbl_to_cdc_crash_ds_crash_tbl | From cdc_1212f2950930_260114104104285[/blue]
[green]Sync SUCCESS | cdc_1212f2950930_260114104109390[/green]
[blue]INCREMENTAL Sync | Task: 127_0_0_1_6001_cdc_crash_up_crash_tbl_to_cdc_crash_ds_crash_tbl | From cdc_1212f2950930_260114104109390[/blue]
[green]Sync SUCCESS | cdc_1212f2950930_260114104114503[/green]
[blue]INCREMENTAL Sync | Task: 127_0_0_1_6001_cdc_crash_up_crash_tbl_to_cdc_crash_ds_crash_tbl | From cdc_1212f2950930_260114104114503[/blue]
[green]Sync SUCCESS | cdc_1212f2950930_260114104129648[/green]
[blue]INCREMENTAL Sync | Task: 127_0_0_1_6001_cdc_crash_up_crash_tbl_to_cdc_crash_ds_crash_tbl | From cdc_1212f2950930_260114104129648[/blue]
[green]Sync SUCCESS | cdc_1212f2950930_260114104134809[/green]
[blue]INCREMENTAL Sync | Task: 127_0_0_1_6001_cdc_crash_up_crash_tbl_to_cdc_crash_ds_crash_tbl | From cdc_1212f2950930_260114104134809[/blue]
[green]Sync SUCCESS | cdc_1212f2950930_260114104139898[/green]
[blue]INCREMENTAL Sync | Task: 127_0_0_1_6001_cdc_crash_up_crash_tbl_to_cdc_crash_ds_crash_tbl | From cdc_1212f2950930_260114104139898[/blue]
[green]Sync SUCCESS | cdc_1212f2950930_260114104144983[/green]
[blue]INCREMENTAL Sync | Task: 127_0_0_1_6001_cdc_crash_up_crash_tbl_to_cdc_crash_ds_crash_tbl | From cdc_1212f2950930_260114104144983[/blue]
[green]Sync SUCCESS | cdc_1212f2950930_260114104150101[/green]
[blue]INCREMENTAL Sync | Task: 127_0_0_1_6001_cdc_crash_up_crash_tbl_to_cdc_crash_ds_crash_tbl | From cdc_1212f2950930_260114104150101[/blue]
[green]Sync SUCCESS | cdc_1212f2950930_260114104155203[/green]
[blue]INCREMENTAL Sync | Task: 127_0_0_1_6001_cdc_crash_up_crash_tbl_to_cdc_crash_ds_crash_tbl | From cdc_1212f2950930_260114104155203[/blue]
[green]Sync SUCCESS | cdc_1212f2950930_260114104205317[/green]
[blue]INCREMENTAL Sync | Task: 127_0_0_1_6001_cdc_crash_up_crash_tbl_to_cdc_crash_ds_crash_tbl | From cdc_1212f2950930_260114104205317[/blue]
[green]Sync SUCCESS | cdc_1212f2950930_260114104210489[/green]
[blue]INCREMENTAL Sync | Task: 127_0_0_1_6001_cdc_crash_up_crash_tbl_to_cdc_crash_ds_crash_tbl | From cdc_1212f2950930_260114104210489[/blue]
[green]Sync SUCCESS | cdc_1212f2950930_260114104215589[/green]
[blue]INCREMENTAL Sync | Task: 127_0_0_1_6001_cdc_crash_up_crash_tbl_to_cdc_crash_ds_crash_tbl | From cdc_1212f2950930_260114104215589[/blue]
[green]Sync SUCCESS | cdc_1212f2950930_260114104220705[/green]
[blue]INCREMENTAL Sync | Task: 127_0_0_1_6001_cdc_crash_up_crash_tbl_to_cdc_crash_ds_crash_tbl | From cdc_1212f2950930_260114104220705[/blue]
[green]Sync SUCCESS | cdc_1212f2950930_260114104223283[/green]
Sync FAILED: (1049, 'Unknown database cdc_crash_up')
Sync duration=0.051s status=FAILED
[blue]FULL Sync | Task: 127_0_0_1_6001_tpcc_bmsql_order_line_to_tpcc_ds_bmsql_order_line[/blue]
[green]Sync SUCCESS | cdc_f1a43d5af9fc_260114150820219[/green]
Sync duration=5.304s status=SUCCESS
[green]FULL VERIFY PASSED[/green] upstream rows=3296449 hash=2363396381 snapshot=LATEST
Verify duration=1.852s mode=FULL snapshot=LATEST
[green]FULL VERIFY PASSED[/green] upstream rows=3296449 hash=2363396381 snapshot=cdc_f1a43d5af9fc_260114150820219
Verify duration=1.856s mode=FULL snapshot=cdc_f1a43d5af9fc_260114150820219
[red]FULL VERIFY FAILED[/red] upstream rows=3298351 hash=2252905083 downstream rows=3296449 hash=2363396381 snapshot=LATEST
Verify duration=1.965s mode=FULL snapshot=LATEST
[blue]INCREMENTAL Sync | Task: 127_0_0_1_6001_tpcc_bmsql_order_line_to_tpcc_ds_bmsql_order_line | From cdc_f1a43d5af9fc_260114150820219[/blue]
[green]Sync SUCCESS | cdc_f1a43d5af9fc_260114150924214[/green]
Sync duration=1.941s status=SUCCESS
[green]FULL VERIFY PASSED[/green] upstream rows=3298351 hash=2252905083 snapshot=LATEST
Verify duration=1.859s mode=FULL snapshot=LATEST
[blue]INCREMENTAL Sync | Task: 127_0_0_1_6001_tpcc_bmsql_order_line_to_tpcc_ds_bmsql_order_line | From cdc_f1a43d5af9fc_260114150924214[/blue]
[green]Sync SUCCESS | cdc_f1a43d5af9fc_260114151011622[/green]
Sync duration=2.023s status=SUCCESS
[blue]INCREMENTAL Sync | Task: 127_0_0_1_6001_tpcc_bmsql_order_line_to_tpcc_ds_bmsql_order_line | From cdc_f1a43d5af9fc_260114151011622[/blue]
[green]Sync SUCCESS | cdc_f1a43d5af9fc_260114151043741[/green]
Sync duration=2.014s status=SUCCESS
[blue]INCREMENTAL Sync | Task: 127_0_0_1_6001_tpcc_bmsql_order_line_to_tpcc_ds_bmsql_order_line | From cdc_f1a43d5af9fc_260114151043741[/blue]
[green]Sync SUCCESS | cdc_f1a43d5af9fc_260114151115671[/green]
Sync duration=1.913s status=SUCCESS
[blue]INCREMENTAL Sync | Task: 127_0_0_1_6001_tpcc_bmsql_order_line_to_tpcc_ds_bmsql_order_line | From cdc_f1a43d5af9fc_260114151115671[/blue]
[green]Sync SUCCESS | cdc_f1a43d5af9fc_260114151147634[/green]
Sync duration=1.944s status=SUCCESS
Auto mode interrupted by user.
[green]FULL VERIFY PASSED[/green] upstream rows=3299768 hash=3908478924 snapshot=LATEST
Verify duration=1.862s mode=FULL snapshot=LATEST
[blue]INCREMENTAL Sync | Task: 127_0_0_1_6001_tpcc_bmsql_order_line_to_tpcc_ds_bmsql_order_line | From cdc_f1a43d5af9fc_260114151147634[/blue]
[green]Sync SUCCESS | cdc_f1a43d5af9fc_260114151241378[/green]
Sync duration=2.387s status=SUCCESS
------------------------------------------------------------------------
[blue]INCREMENTAL Sync | Task: 127_0_0_1_6001_tpcc_bmsql_order_line_to_tpcc_ds_bmsql_order_line | From cdc_f1a43d5af9fc_260114151241378[/blue]
[green]Sync SUCCESS | cdc_f1a43d5af9fc_260114151313927[/green]
Sync duration=3.308s status=SUCCESS
------------------------------------------------------------------------
Auto mode interrupted by user.
[red]FULL VERIFY FAILED[/red] upstream rows=3330367 hash=3313054876 downstream rows=3324297 hash=1917908302 snapshot=LATEST
Verify duration=2.222s mode=FULL snapshot=LATEST
[green]FULL VERIFY PASSED[/green] upstream rows=3324297 hash=1917908302 snapshot=cdc_f1a43d5af9fc_260114151313927
Verify duration=1.978s mode=FULL snapshot=cdc_f1a43d5af9fc_260114151313927
[red]FULL VERIFY FAILED[/red] upstream rows=3306425 hash=154518311 downstream rows=3324297 hash=1917908302 snapshot=cdc_f1a43d5af9fc_260114151241378
Verify duration=2.097s mode=FULL snapshot=cdc_f1a43d5af9fc_260114151241378
[red]FULL VERIFY FAILED[/red] upstream rows=3299768 hash=3908478924 downstream rows=3324297 hash=1917908302 snapshot=cdc_f1a43d5af9fc_260114151147634
Verify duration=2.102s mode=FULL snapshot=cdc_f1a43d5af9fc_260114151147634
[blue]INCREMENTAL Sync | Task: 127_0_0_1_6001_tpcc_bmsql_order_line_to_tpcc_ds_bmsql_order_line | From cdc_f1a43d5af9fc_260114151313927[/blue]
[green]Sync SUCCESS | cdc_f1a43d5af9fc_260114151405825[/green]
Sync duration=3.930s status=SUCCESS
------------------------------------------------------------------------
[blue]INCREMENTAL Sync | Task: 127_0_0_1_6001_tpcc_bmsql_order_line_to_tpcc_ds_bmsql_order_line | From cdc_f1a43d5af9fc_260114151405825[/blue]
[green]Sync SUCCESS | cdc_f1a43d5af9fc_260114151419788[/green]
Sync duration=2.889s status=SUCCESS
------------------------------------------------------------------------
[blue]INCREMENTAL Sync | Task: 127_0_0_1_6001_tpcc_bmsql_order_line_to_tpcc_ds_bmsql_order_line | From cdc_f1a43d5af9fc_260114151419788[/blue]
[green]Sync SUCCESS | cdc_f1a43d5af9fc_260114151432651[/green]
Sync duration=2.875s status=SUCCESS
------------------------------------------------------------------------
[blue]INCREMENTAL Sync | Task: 127_0_0_1_6001_tpcc_bmsql_order_line_to_tpcc_ds_bmsql_order_line | From cdc_f1a43d5af9fc_260114151432651[/blue]
[green]Sync SUCCESS | cdc_f1a43d5af9fc_260114151445309[/green]
Sync duration=3.027s status=SUCCESS
------------------------------------------------------------------------
[blue]INCREMENTAL Sync | Task: 127_0_0_1_6001_tpcc_bmsql_order_line_to_tpcc_ds_bmsql_order_line | From cdc_f1a43d5af9fc_260114151445309[/blue]
[green]Sync SUCCESS | cdc_f1a43d5af9fc_260114151458493[/green]
Sync duration=2.703s status=SUCCESS
------------------------------------------------------------------------
[green]FULL VERIFY PASSED[/green] upstream rows=3371327 hash=1681835649 snapshot=cdc_f1a43d5af9fc_260114151458493
Verify duration=1.933s mode=FULL snapshot=cdc_f1a43d5af9fc_260114151458493
[blue]INCREMENTAL Sync | Task: 127_0_0_1_6001_tpcc_bmsql_order_line_to_tpcc_ds_bmsql_order_line | From cdc_f1a43d5af9fc_260114151458493[/blue]
[green]Sync SUCCESS | cdc_f1a43d5af9fc_260114151513180[/green]
Sync duration=2.743s status=SUCCESS
------------------------------------------------------------------------
[blue]INCREMENTAL Sync | Task: 127_0_0_1_6001_tpcc_bmsql_order_line_to_tpcc_ds_bmsql_order_line | From cdc_f1a43d5af9fc_260114151513180[/blue]
[green]Sync SUCCESS | cdc_f1a43d5af9fc_260114151525926[/green]
Sync duration=2.686s status=SUCCESS
------------------------------------------------------------------------
[blue]INCREMENTAL Sync | Task: 127_0_0_1_6001_tpcc_bmsql_order_line_to_tpcc_ds_bmsql_order_line | From cdc_f1a43d5af9fc_260114151525926[/blue]
[green]Sync SUCCESS | cdc_f1a43d5af9fc_260114151538458[/green]
Sync duration=2.529s status=SUCCESS
------------------------------------------------------------------------
[blue]INCREMENTAL Sync | Task: 127_0_0_1_6001_tpcc_bmsql_order_line_to_tpcc_ds_bmsql_order_line | From cdc_f1a43d5af9fc_260114151538458[/blue]
[green]Sync SUCCESS | cdc_f1a43d5af9fc_260114151551376[/green]
Sync duration=2.899s status=SUCCESS
------------------------------------------------------------------------
[blue]INCREMENTAL Sync | Task: 127_0_0_1_6001_tpcc_bmsql_order_line_to_tpcc_ds_bmsql_order_line | From cdc_f1a43d5af9fc_260114151551376[/blue]
[green]Sync SUCCESS | cdc_f1a43d5af9fc_260114151604197[/green]
Sync duration=2.874s status=SUCCESS
------------------------------------------------------------------------
[green]FULL VERIFY PASSED[/green] upstream rows=3398285 hash=1466566953 snapshot=cdc_f1a43d5af9fc_260114151604197
Verify duration=2.106s mode=FULL snapshot=cdc_f1a43d5af9fc_260114151604197
[blue]INCREMENTAL Sync | Task: 127_0_0_1_6001_tpcc_bmsql_order_line_to_tpcc_ds_bmsql_order_line | From cdc_f1a43d5af9fc_260114151604197[/blue]
[green]Sync SUCCESS | cdc_f1a43d5af9fc_260114151619382[/green]
Sync duration=3.070s status=SUCCESS
------------------------------------------------------------------------
[blue]INCREMENTAL Sync | Task: 127_0_0_1_6001_tpcc_bmsql_order_line_to_tpcc_ds_bmsql_order_line | From cdc_f1a43d5af9fc_260114151619382[/blue]
[green]Sync SUCCESS | cdc_f1a43d5af9fc_260114151632152[/green]
Sync duration=2.812s status=SUCCESS
------------------------------------------------------------------------
[blue]INCREMENTAL Sync | Task: 127_0_0_1_6001_tpcc_bmsql_order_line_to_tpcc_ds_bmsql_order_line | From cdc_f1a43d5af9fc_260114151632152[/blue]
[green]Sync SUCCESS | cdc_f1a43d5af9fc_260114151646114[/green]
Sync duration=4.045s status=SUCCESS
------------------------------------------------------------------------
Watermark inconsistent with downstream; resetting to FULL sync.
[blue]FULL Sync | Task: 127_0_0_1_6001_tpcc_bmsql_order_line_to_tpcc_ds_bmsql_order_line[/blue]
[green]Sync SUCCESS | cdc_f1a43d5af9fc_260114151659161[/green]
Sync duration=7.907s status=SUCCESS
------------------------------------------------------------------------
[blue]INCREMENTAL Sync | Task: 127_0_0_1_6001_tpcc_bmsql_order_line_to_tpcc_ds_bmsql_order_line | From cdc_f1a43d5af9fc_260114151659161[/blue]
[green]Sync SUCCESS | cdc_f1a43d5af9fc_260114151717081[/green]
Sync duration=2.865s status=SUCCESS
------------------------------------------------------------------------
[green]FULL VERIFY PASSED[/green] upstream rows=3423915 hash=913576654 snapshot=cdc_f1a43d5af9fc_260114151717081
Verify duration=2.116s mode=FULL snapshot=cdc_f1a43d5af9fc_260114151717081
[blue]INCREMENTAL Sync | Task: 127_0_0_1_6001_tpcc_bmsql_order_line_to_tpcc_ds_bmsql_order_line | From cdc_f1a43d5af9fc_260114151717081[/blue]
[green]Sync SUCCESS | cdc_f1a43d5af9fc_260114151732065[/green]
Sync duration=2.858s status=SUCCESS
------------------------------------------------------------------------
[blue]INCREMENTAL Sync | Task: 127_0_0_1_6001_tpcc_bmsql_order_line_to_tpcc_ds_bmsql_order_line | From cdc_f1a43d5af9fc_260114151732065[/blue]
[green]Sync SUCCESS | cdc_f1a43d5af9fc_260114151745510[/green]
Sync duration=3.443s status=SUCCESS
------------------------------------------------------------------------
[blue]INCREMENTAL Sync | Task: 127_0_0_1_6001_tpcc_bmsql_order_line_to_tpcc_ds_bmsql_order_line | From cdc_f1a43d5af9fc_260114151745510[/blue]
[green]Sync SUCCESS | cdc_f1a43d5af9fc_260114151758637[/green]
Sync duration=3.119s status=SUCCESS
------------------------------------------------------------------------
[blue]INCREMENTAL Sync | Task: 127_0_0_1_6001_tpcc_bmsql_order_line_to_tpcc_ds_bmsql_order_line | From cdc_f1a43d5af9fc_260114151758637[/blue]
[green]Sync SUCCESS | cdc_f1a43d5af9fc_260114151811779[/green]
Sync duration=3.220s status=SUCCESS
------------------------------------------------------------------------
[blue]INCREMENTAL Sync | Task: 127_0_0_1_6001_tpcc_bmsql_order_line_to_tpcc_ds_bmsql_order_line | From cdc_f1a43d5af9fc_260114151811779[/blue]
[green]Sync SUCCESS | cdc_f1a43d5af9fc_260114151824964[/green]
Sync duration=3.096s status=SUCCESS
------------------------------------------------------------------------
[green]FULL VERIFY PASSED[/green] upstream rows=3450184 hash=3099882662 snapshot=cdc_f1a43d5af9fc_260114151824964
Verify duration=2.355s mode=FULL snapshot=cdc_f1a43d5af9fc_260114151824964
[blue]INCREMENTAL Sync | Task: 127_0_0_1_6001_tpcc_bmsql_order_line_to_tpcc_ds_bmsql_order_line | From cdc_f1a43d5af9fc_260114151824964[/blue]
[green]Sync SUCCESS | cdc_f1a43d5af9fc_260114151840366[/green]
Sync duration=3.084s status=SUCCESS
------------------------------------------------------------------------
[blue]INCREMENTAL Sync | Task: 127_0_0_1_6001_tpcc_bmsql_order_line_to_tpcc_ds_bmsql_order_line | From cdc_f1a43d5af9fc_260114151840366[/blue]
[green]Sync SUCCESS | cdc_f1a43d5af9fc_260114151853563[/green]
Sync duration=3.202s status=SUCCESS
------------------------------------------------------------------------
[blue]INCREMENTAL Sync | Task: 127_0_0_1_6001_tpcc_bmsql_order_line_to_tpcc_ds_bmsql_order_line | From cdc_f1a43d5af9fc_260114151853563[/blue]
[green]Sync SUCCESS | cdc_f1a43d5af9fc_260114151907231[/green]
Sync duration=3.757s status=SUCCESS
------------------------------------------------------------------------
[blue]INCREMENTAL Sync | Task: 127_0_0_1_6001_tpcc_bmsql_order_line_to_tpcc_ds_bmsql_order_line | From cdc_f1a43d5af9fc_260114151907231[/blue]
[green]Sync SUCCESS | cdc_f1a43d5af9fc_260114151920423[/green]
Sync duration=2.967s status=SUCCESS
------------------------------------------------------------------------
[blue]INCREMENTAL Sync | Task: 127_0_0_1_6001_tpcc_bmsql_order_line_to_tpcc_ds_bmsql_order_line | From cdc_f1a43d5af9fc_260114151920423[/blue]
[green]Sync SUCCESS | cdc_f1a43d5af9fc_260114151933238[/green]
Sync duration=2.781s status=SUCCESS
------------------------------------------------------------------------
[green]FULL VERIFY PASSED[/green] upstream rows=3476136 hash=56686971 snapshot=cdc_f1a43d5af9fc_260114151933238
Verify duration=2.063s mode=FULL snapshot=cdc_f1a43d5af9fc_260114151933238
[blue]INCREMENTAL Sync | Task: 127_0_0_1_6001_tpcc_bmsql_order_line_to_tpcc_ds_bmsql_order_line | From cdc_f1a43d5af9fc_260114151933238[/blue]
[green]Sync SUCCESS | cdc_f1a43d5af9fc_260114151948246[/green]
Sync duration=2.943s status=SUCCESS
------------------------------------------------------------------------
[blue]INCREMENTAL Sync | Task: 127_0_0_1_6001_tpcc_bmsql_order_line_to_tpcc_ds_bmsql_order_line | From cdc_f1a43d5af9fc_260114151948246[/blue]
[green]Sync SUCCESS | cdc_f1a43d5af9fc_260114152001506[/green]
Sync duration=3.186s status=SUCCESS
------------------------------------------------------------------------
[blue]INCREMENTAL Sync | Task: 127_0_0_1_6001_tpcc_bmsql_order_line_to_tpcc_ds_bmsql_order_line | From cdc_f1a43d5af9fc_260114152001506[/blue]
[green]Sync SUCCESS | cdc_f1a43d5af9fc_260114152014525[/green]
Sync duration=3.045s status=SUCCESS
------------------------------------------------------------------------
Watermark inconsistent with downstream; resetting to FULL sync.
[blue]FULL Sync | Task: 127_0_0_1_6001_tpcc_bmsql_order_line_to_tpcc_ds_bmsql_order_line[/blue]
[green]Sync SUCCESS | cdc_f1a43d5af9fc_260114152027342[/green]
Sync duration=8.210s status=SUCCESS
------------------------------------------------------------------------
[blue]INCREMENTAL Sync | Task: 127_0_0_1_6001_tpcc_bmsql_order_line_to_tpcc_ds_bmsql_order_line | From cdc_f1a43d5af9fc_260114152027342[/blue]
[green]Sync SUCCESS | cdc_f1a43d5af9fc_260114152045820[/green]
Sync duration=3.191s status=SUCCESS
------------------------------------------------------------------------
[green]FULL VERIFY PASSED[/green] upstream rows=3502471 hash=4095852553 snapshot=cdc_f1a43d5af9fc_260114152045820
Verify duration=2.376s mode=FULL snapshot=cdc_f1a43d5af9fc_260114152045820
[blue]INCREMENTAL Sync | Task: 127_0_0_1_6001_tpcc_bmsql_order_line_to_tpcc_ds_bmsql_order_line | From cdc_f1a43d5af9fc_260114152045820[/blue]
[green]Sync SUCCESS | cdc_f1a43d5af9fc_260114152101336[/green]
Sync duration=3.073s status=SUCCESS
------------------------------------------------------------------------
[blue]INCREMENTAL Sync | Task: 127_0_0_1_6001_tpcc_bmsql_order_line_to_tpcc_ds_bmsql_order_line | From cdc_f1a43d5af9fc_260114152101336[/blue]
[green]Sync SUCCESS | cdc_f1a43d5af9fc_260114152114644[/green]
Sync duration=3.306s status=SUCCESS
------------------------------------------------------------------------
[blue]INCREMENTAL Sync | Task: 127_0_0_1_6001_tpcc_bmsql_order_line_to_tpcc_ds_bmsql_order_line | From cdc_f1a43d5af9fc_260114152114644[/blue]
[green]Sync SUCCESS | cdc_f1a43d5af9fc_260114152128070[/green]
Sync duration=3.440s status=SUCCESS
------------------------------------------------------------------------
[blue]INCREMENTAL Sync | Task: 127_0_0_1_6001_tpcc_bmsql_order_line_to_tpcc_ds_bmsql_order_line | From cdc_f1a43d5af9fc_260114152128070[/blue]
[green]Sync SUCCESS | cdc_f1a43d5af9fc_260114152141271[/green]
Sync duration=3.201s status=SUCCESS
------------------------------------------------------------------------
[blue]INCREMENTAL Sync | Task: 127_0_0_1_6001_tpcc_bmsql_order_line_to_tpcc_ds_bmsql_order_line | From cdc_f1a43d5af9fc_260114152141271[/blue]
[green]Sync SUCCESS | cdc_f1a43d5af9fc_260114152154108[/green]
Sync duration=2.500s status=SUCCESS
------------------------------------------------------------------------
[green]FULL VERIFY PASSED[/green] upstream rows=3522318 hash=917194824 snapshot=cdc_f1a43d5af9fc_260114152154108
Verify duration=2.175s mode=FULL snapshot=cdc_f1a43d5af9fc_260114152154108
[blue]INCREMENTAL Sync | Task: 127_0_0_1_6001_tpcc_bmsql_order_line_to_tpcc_ds_bmsql_order_line | From cdc_f1a43d5af9fc_260114152154108[/blue]
[green]Sync SUCCESS | cdc_f1a43d5af9fc_260114152208936[/green]
Sync duration=2.552s status=SUCCESS
------------------------------------------------------------------------
Auto mode interrupted by user.
[blue]INCREMENTAL Sync | Task: 127_0_0_1_6001_tpcc_bmsql_order_line_to_tpcc_ds_bmsql_order_line | From cdc_f1a43d5af9fc_260114152208936[/blue]
[yellow]Sync NOOP | cdc_f1a43d5af9fc_260114152220980[/yellow]
Sync duration=2.508s status=NOOP
------------------------------------------------------------------------
[blue]INCREMENTAL Sync | Task: 127_0_0_1_6001_tpcc_bmsql_order_line_to_tpcc_ds_bmsql_order_line | From cdc_f1a43d5af9fc_260114152208936[/blue]
[yellow]Sync NOOP | cdc_f1a43d5af9fc_260114152233430[/yellow]
Sync duration=2.428s status=NOOP
------------------------------------------------------------------------
[blue]INCREMENTAL Sync | Task: 127_0_0_1_6001_tpcc_bmsql_order_line_to_tpcc_ds_bmsql_order_line | From cdc_f1a43d5af9fc_260114152208936[/blue]
[yellow]Sync NOOP | cdc_f1a43d5af9fc_260114152245909[/yellow]
Sync duration=2.461s status=NOOP
------------------------------------------------------------------------
[blue]INCREMENTAL Sync | Task: 127_0_0_1_6001_tpcc_bmsql_order_line_to_tpcc_ds_bmsql_order_line | From cdc_f1a43d5af9fc_260114152208936[/blue]
[yellow]Sync NOOP | cdc_f1a43d5af9fc_260114152258474[/yellow]
Sync duration=2.547s status=NOOP
------------------------------------------------------------------------
Auto mode interrupted by user.
[green]FULL VERIFY PASSED[/green] upstream rows=3522318 hash=917194824 snapshot=LATEST
Verify duration=2.234s mode=FULL snapshot=LATEST
[green]FULL VERIFY PASSED[/green] upstream rows=3522318 hash=917194824 snapshot=cdc_f1a43d5af9fc_260114152208936
Verify duration=2.476s mode=FULL snapshot=cdc_f1a43d5af9fc_260114152208936
[green]FULL VERIFY PASSED[/green] upstream rows=3522318 hash=917194824 snapshot=cdc_f1a43d5af9fc_260114152154108
Verify duration=2.236s mode=FULL snapshot=cdc_f1a43d5af9fc_260114152154108
[blue]INCREMENTAL Sync | Task: 127_0_0_1_6001_tpcc_bmsql_order_line_to_tpcc_ds_bmsql_order_line | From cdc_f1a43d5af9fc_260114152208936[/blue]
[yellow]Sync NOOP | cdc_f1a43d5af9fc_260114152456834[/yellow]
Sync duration=2.343s status=NOOP
------------------------------------------------------------------------
[blue]INCREMENTAL Sync | Task: 127_0_0_1_6001_tpcc_bmsql_order_line_to_tpcc_ds_bmsql_order_line | From cdc_f1a43d5af9fc_260114152208936[/blue]
[yellow]Sync NOOP | cdc_f1a43d5af9fc_260114152509107[/yellow]
Sync duration=2.258s status=NOOP
------------------------------------------------------------------------
[blue]INCREMENTAL Sync | Task: 127_0_0_1_6001_tpcc_bmsql_order_line_to_tpcc_ds_bmsql_order_line | From cdc_f1a43d5af9fc_260114152208936[/blue]
[yellow]Sync NOOP | cdc_f1a43d5af9fc_260114152521362[/yellow]
Sync duration=2.236s status=NOOP
------------------------------------------------------------------------
[blue]INCREMENTAL Sync | Task: 127_0_0_1_6001_tpcc_bmsql_order_line_to_tpcc_ds_bmsql_order_line | From cdc_f1a43d5af9fc_260114152208936[/blue]
[yellow]Sync NOOP | cdc_f1a43d5af9fc_260114152533590[/yellow]
Sync duration=2.205s status=NOOP
------------------------------------------------------------------------
[blue]INCREMENTAL Sync | Task: 127_0_0_1_6001_tpcc_bmsql_order_line_to_tpcc_ds_bmsql_order_line | From cdc_f1a43d5af9fc_260114152208936[/blue]
[yellow]Sync NOOP | cdc_f1a43d5af9fc_260114152545826[/yellow]
Sync duration=2.226s status=NOOP
------------------------------------------------------------------------
[green]FULL VERIFY PASSED[/green] upstream rows=3522318 hash=917194824 snapshot=cdc_f1a43d5af9fc_260114152208936
Verify duration=1.876s mode=FULL snapshot=cdc_f1a43d5af9fc_260114152208936
[blue]INCREMENTAL Sync | Task: 127_0_0_1_6001_tpcc_bmsql_order_line_to_tpcc_ds_bmsql_order_line | From cdc_f1a43d5af9fc_260114152208936[/blue]
[yellow]Sync NOOP | cdc_f1a43d5af9fc_260114152559914[/yellow]
Sync duration=2.179s status=NOOP
------------------------------------------------------------------------
Watermark inconsistent with downstream; resetting to FULL sync.
[blue]FULL Sync | Task: 127_0_0_1_6001_tpcc_bmsql_order_line_to_tpcc_ds_bmsql_order_line[/blue]
Sync FAILED: (0, '')
Sync duration=0.721s status=FAILED
------------------------------------------------------------------------
Auto mode interrupted by user.
[green]FULL Check PASSED[/green]
[green]Watermark RECOVERED: cdc_f1a43d5af9fc_260114152208936[/green]
[blue]INCREMENTAL Sync | Task: 127_0_0_1_6001_tpcc_bmsql_order_line_to_tpcc_ds_bmsql_order_line | From cdc_f1a43d5af9fc_260114152208936[/blue]
[yellow]Sync NOOP | cdc_f1a43d5af9fc_260114152732344[/yellow]
Sync duration=6.246s status=NOOP
------------------------------------------------------------------------
[blue]INCREMENTAL Sync | Task: 127_0_0_1_6001_tpcc_bmsql_order_line_to_tpcc_ds_bmsql_order_line | From cdc_f1a43d5af9fc_260114152208936[/blue]
[yellow]Sync NOOP | cdc_f1a43d5af9fc_260114152744556[/yellow]
Sync duration=2.195s status=NOOP
------------------------------------------------------------------------
[blue]INCREMENTAL Sync | Task: 127_0_0_1_6001_tpcc_bmsql_order_line_to_tpcc_ds_bmsql_order_line | From cdc_f1a43d5af9fc_260114152208936[/blue]
[yellow]Sync NOOP | cdc_f1a43d5af9fc_260114152756708[/yellow]
Sync duration=2.132s status=NOOP
------------------------------------------------------------------------
[blue]INCREMENTAL Sync | Task: 127_0_0_1_6001_tpcc_bmsql_order_line_to_tpcc_ds_bmsql_order_line | From cdc_f1a43d5af9fc_260114152208936[/blue]
[yellow]Sync NOOP | cdc_f1a43d5af9fc_260114152809017[/yellow]
Sync duration=2.293s status=NOOP
------------------------------------------------------------------------
[blue]INCREMENTAL Sync | Task: 127_0_0_1_6001_tpcc_bmsql_order_line_to_tpcc_ds_bmsql_order_line | From cdc_f1a43d5af9fc_260114152208936[/blue]
[yellow]Sync NOOP | cdc_f1a43d5af9fc_260114152821219[/yellow]
Sync duration=2.170s status=NOOP
------------------------------------------------------------------------
[green]FULL VERIFY PASSED[/green] upstream rows=3522318 hash=917194824 snapshot=cdc_f1a43d5af9fc_260114152208936
Verify duration=1.931s mode=FULL snapshot=cdc_f1a43d5af9fc_260114152208936
[blue]INCREMENTAL Sync | Task: 127_0_0_1_6001_tpcc_bmsql_order_line_to_tpcc_ds_bmsql_order_line | From cdc_f1a43d5af9fc_260114152208936[/blue]
[yellow]Sync NOOP | cdc_f1a43d5af9fc_260114152835327[/yellow]
Sync duration=2.174s status=NOOP
------------------------------------------------------------------------
[blue]INCREMENTAL Sync | Task: 127_0_0_1_6001_tpcc_bmsql_order_line_to_tpcc_ds_bmsql_order_line | From cdc_f1a43d5af9fc_260114152208936[/blue]
[yellow]Sync NOOP | cdc_f1a43d5af9fc_260114152847589[/yellow]
Sync duration=2.236s status=NOOP
------------------------------------------------------------------------
Auto mode interrupted by user.
[green]FULL VERIFY PASSED[/green] upstream rows=3522318 hash=917194824 snapshot=LATEST
Verify duration=2.108s mode=FULL snapshot=LATEST
[red]FULL VERIFY FAILED[/red] upstream rows=3526014 hash=2726417069 downstream rows=3522318 hash=917194824 snapshot=LATEST
Verify duration=2.103s mode=FULL snapshot=LATEST
[blue]INCREMENTAL Sync | Task: 127_0_0_1_6001_tpcc_bmsql_order_line_to_tpcc_ds_bmsql_order_line | From cdc_f1a43d5af9fc_260114152208936[/blue]
[green]Sync SUCCESS | cdc_f1a43d5af9fc_260114152932599[/green]
Sync duration=3.120s status=SUCCESS
------------------------------------------------------------------------
[blue]INCREMENTAL Sync | Task: 127_0_0_1_6001_tpcc_bmsql_order_line_to_tpcc_ds_bmsql_order_line | From cdc_f1a43d5af9fc_260114152932599[/blue]
[green]Sync SUCCESS | cdc_f1a43d5af9fc_260114152945833[/green]
Sync duration=2.835s status=SUCCESS
------------------------------------------------------------------------
[blue]INCREMENTAL Sync | Task: 127_0_0_1_6001_tpcc_bmsql_order_line_to_tpcc_ds_bmsql_order_line | From cdc_f1a43d5af9fc_260114152945833[/blue]
[green]Sync SUCCESS | cdc_f1a43d5af9fc_260114152958690[/green]
Sync duration=2.686s status=SUCCESS
------------------------------------------------------------------------
[blue]INCREMENTAL Sync | Task: 127_0_0_1_6001_tpcc_bmsql_order_line_to_tpcc_ds_bmsql_order_line | From cdc_f1a43d5af9fc_260114152958690[/blue]
[green]Sync SUCCESS | cdc_f1a43d5af9fc_260114153011976[/green]
Sync duration=3.308s status=SUCCESS
------------------------------------------------------------------------
[blue]INCREMENTAL Sync | Task: 127_0_0_1_6001_tpcc_bmsql_order_line_to_tpcc_ds_bmsql_order_line | From cdc_f1a43d5af9fc_260114153011976[/blue]
[green]Sync SUCCESS | cdc_f1a43d5af9fc_260114153024828[/green]
Sync duration=2.820s status=SUCCESS
------------------------------------------------------------------------
[green]FULL VERIFY PASSED[/green] upstream rows=3559045 hash=887157732 snapshot=cdc_f1a43d5af9fc_260114153024828
Verify duration=2.434s mode=FULL snapshot=cdc_f1a43d5af9fc_260114153024828
[blue]INCREMENTAL Sync | Task: 127_0_0_1_6001_tpcc_bmsql_order_line_to_tpcc_ds_bmsql_order_line | From cdc_f1a43d5af9fc_260114153024828[/blue]
[green]Sync SUCCESS | cdc_f1a43d5af9fc_260114153040033[/green]
Sync duration=2.918s status=SUCCESS
------------------------------------------------------------------------
[blue]INCREMENTAL Sync | Task: 127_0_0_1_6001_tpcc_bmsql_order_line_to_tpcc_ds_bmsql_order_line | From cdc_f1a43d5af9fc_260114153040033[/blue]
[green]Sync SUCCESS | cdc_f1a43d5af9fc_260114153053162[/green]
Sync duration=3.075s status=SUCCESS
------------------------------------------------------------------------
[blue]INCREMENTAL Sync | Task: 127_0_0_1_6001_tpcc_bmsql_order_line_to_tpcc_ds_bmsql_order_line | From cdc_f1a43d5af9fc_260114153053162[/blue]
[green]Sync SUCCESS | cdc_f1a43d5af9fc_260114153106209[/green]
Sync duration=3.028s status=SUCCESS
------------------------------------------------------------------------
[blue]INCREMENTAL Sync | Task: 127_0_0_1_6001_tpcc_bmsql_order_line_to_tpcc_ds_bmsql_order_line | From cdc_f1a43d5af9fc_260114153106209[/blue]
[green]Sync SUCCESS | cdc_f1a43d5af9fc_260114153119563[/green]
Sync duration=3.349s status=SUCCESS
------------------------------------------------------------------------
[blue]INCREMENTAL Sync | Task: 127_0_0_1_6001_tpcc_bmsql_order_line_to_tpcc_ds_bmsql_order_line | From cdc_f1a43d5af9fc_260114153119563[/blue]
[green]Sync SUCCESS | cdc_f1a43d5af9fc_260114153132559[/green]
Sync duration=3.029s status=SUCCESS
------------------------------------------------------------------------
[green]FULL VERIFY PASSED[/green] upstream rows=3588968 hash=2978009076 snapshot=cdc_f1a43d5af9fc_260114153132559
Verify duration=2.104s mode=FULL snapshot=cdc_f1a43d5af9fc_260114153132559
[blue]INCREMENTAL Sync | Task: 127_0_0_1_6001_tpcc_bmsql_order_line_to_tpcc_ds_bmsql_order_line | From cdc_f1a43d5af9fc_260114153132559[/blue]
[green]Sync SUCCESS | cdc_f1a43d5af9fc_260114153147813[/green]
Sync duration=3.054s status=SUCCESS
------------------------------------------------------------------------
[blue]INCREMENTAL Sync | Task: 127_0_0_1_6001_tpcc_bmsql_order_line_to_tpcc_ds_bmsql_order_line | From cdc_f1a43d5af9fc_260114153147813[/blue]
[green]Sync SUCCESS | cdc_f1a43d5af9fc_260114153200783[/green]
Sync duration=2.904s status=SUCCESS
------------------------------------------------------------------------
[blue]INCREMENTAL Sync | Task: 127_0_0_1_6001_tpcc_bmsql_order_line_to_tpcc_ds_bmsql_order_line | From cdc_f1a43d5af9fc_260114153200783[/blue]
[green]Sync SUCCESS | cdc_f1a43d5af9fc_260114153213854[/green]
Sync duration=3.149s status=SUCCESS
------------------------------------------------------------------------
[blue]INCREMENTAL Sync | Task: 127_0_0_1_6001_tpcc_bmsql_order_line_to_tpcc_ds_bmsql_order_line | From cdc_f1a43d5af9fc_260114153213854[/blue]
[green]Sync SUCCESS | cdc_f1a43d5af9fc_260114153227032[/green]
Sync duration=3.165s status=SUCCESS
------------------------------------------------------------------------
[blue]INCREMENTAL Sync | Task: 127_0_0_1_6001_tpcc_bmsql_order_line_to_tpcc_ds_bmsql_order_line | From cdc_f1a43d5af9fc_260114153227032[/blue]
[green]Sync SUCCESS | cdc_f1a43d5af9fc_260114153240318[/green]
Sync duration=3.178s status=SUCCESS
------------------------------------------------------------------------
[green]FULL VERIFY PASSED[/green] upstream rows=3620657 hash=3016411389 snapshot=cdc_f1a43d5af9fc_260114153240318
Verify duration=2.703s mode=FULL snapshot=cdc_f1a43d5af9fc_260114153240318
[blue]INCREMENTAL Sync | Task: 127_0_0_1_6001_tpcc_bmsql_order_line_to_tpcc_ds_bmsql_order_line | From cdc_f1a43d5af9fc_260114153240318[/blue]
[green]Sync SUCCESS | cdc_f1a43d5af9fc_260114153255816[/green]
Sync duration=2.701s status=SUCCESS
------------------------------------------------------------------------
[blue]INCREMENTAL Sync | Task: 127_0_0_1_6001_tpcc_bmsql_order_line_to_tpcc_ds_bmsql_order_line | From cdc_f1a43d5af9fc_260114153255816[/blue]
[green]Sync SUCCESS | cdc_f1a43d5af9fc_260114153308724[/green]
Sync duration=2.961s status=SUCCESS
------------------------------------------------------------------------
[blue]INCREMENTAL Sync | Task: 127_0_0_1_6001_tpcc_bmsql_order_line_to_tpcc_ds_bmsql_order_line | From cdc_f1a43d5af9fc_260114153308724[/blue]
[green]Sync SUCCESS | cdc_f1a43d5af9fc_260114153321676[/green]
Sync duration=3.032s status=SUCCESS
------------------------------------------------------------------------
[blue]INCREMENTAL Sync | Task: 127_0_0_1_6001_tpcc_bmsql_order_line_to_tpcc_ds_bmsql_order_line | From cdc_f1a43d5af9fc_260114153321676[/blue]
[green]Sync SUCCESS | cdc_f1a43d5af9fc_260114153334778[/green]
Sync duration=3.113s status=SUCCESS
------------------------------------------------------------------------
[blue]INCREMENTAL Sync | Task: 127_0_0_1_6001_tpcc_bmsql_order_line_to_tpcc_ds_bmsql_order_line | From cdc_f1a43d5af9fc_260114153334778[/blue]
[green]Sync SUCCESS | cdc_f1a43d5af9fc_260114153347908[/green]
Sync duration=3.154s status=SUCCESS
------------------------------------------------------------------------
[red]FULL VERIFY FAILED[/red] upstream rows=3651058 hash=1773419858 downstream rows=3651027 hash=438728558 snapshot=cdc_f1a43d5af9fc_260114153347908
Verify duration=2.347s mode=FULL snapshot=cdc_f1a43d5af9fc_260114153347908
Consistency check FAILED; please investigate.
Watermark inconsistent with downstream; resetting to FULL sync.
[blue]FULL Sync | Task: 127_0_0_1_6001_tpcc_bmsql_order_line_to_tpcc_ds_bmsql_order_line[/blue]
[green]Sync SUCCESS | cdc_f1a43d5af9fc_260114153403589[/green]
Sync duration=8.958s status=SUCCESS
------------------------------------------------------------------------
[blue]INCREMENTAL Sync | Task: 127_0_0_1_6001_tpcc_bmsql_order_line_to_tpcc_ds_bmsql_order_line | From cdc_f1a43d5af9fc_260114153403589[/blue]
[green]Sync SUCCESS | cdc_f1a43d5af9fc_260114153422493[/green]
Sync duration=3.442s status=SUCCESS
------------------------------------------------------------------------
[blue]INCREMENTAL Sync | Task: 127_0_0_1_6001_tpcc_bmsql_order_line_to_tpcc_ds_bmsql_order_line | From cdc_f1a43d5af9fc_260114153422493[/blue]
[green]Sync SUCCESS | cdc_f1a43d5af9fc_260114153436043[/green]
Sync duration=3.331s status=SUCCESS
------------------------------------------------------------------------
[blue]INCREMENTAL Sync | Task: 127_0_0_1_6001_tpcc_bmsql_order_line_to_tpcc_ds_bmsql_order_line | From cdc_f1a43d5af9fc_260114153436043[/blue]
[green]Sync SUCCESS | cdc_f1a43d5af9fc_260114153449151[/green]
Sync duration=3.024s status=SUCCESS
------------------------------------------------------------------------
[blue]INCREMENTAL Sync | Task: 127_0_0_1_6001_tpcc_bmsql_order_line_to_tpcc_ds_bmsql_order_line | From cdc_f1a43d5af9fc_260114153449151[/blue]
[green]Sync SUCCESS | cdc_f1a43d5af9fc_260114153502106[/green]
Sync duration=3.005s status=SUCCESS
------------------------------------------------------------------------
[green]FULL VERIFY PASSED[/green] upstream rows=3678457 hash=1826572804 snapshot=cdc_f1a43d5af9fc_260114153502106
Verify duration=2.422s mode=FULL snapshot=cdc_f1a43d5af9fc_260114153502106
[blue]INCREMENTAL Sync | Task: 127_0_0_1_6001_tpcc_bmsql_order_line_to_tpcc_ds_bmsql_order_line | From cdc_f1a43d5af9fc_260114153502106[/blue]
[green]Sync SUCCESS | cdc_f1a43d5af9fc_260114153517882[/green]
Sync duration=3.464s status=SUCCESS
------------------------------------------------------------------------
[blue]INCREMENTAL Sync | Task: 127_0_0_1_6001_tpcc_bmsql_order_line_to_tpcc_ds_bmsql_order_line | From cdc_f1a43d5af9fc_260114153517882[/blue]
[green]Sync SUCCESS | cdc_f1a43d5af9fc_260114153531118[/green]
Sync duration=2.940s status=SUCCESS
------------------------------------------------------------------------
[blue]INCREMENTAL Sync | Task: 127_0_0_1_6001_tpcc_bmsql_order_line_to_tpcc_ds_bmsql_order_line | From cdc_f1a43d5af9fc_260114153531118[/blue]
[green]Sync SUCCESS | cdc_f1a43d5af9fc_260114153544122[/green]
Sync duration=3.044s status=SUCCESS
------------------------------------------------------------------------
[blue]INCREMENTAL Sync | Task: 127_0_0_1_6001_tpcc_bmsql_order_line_to_tpcc_ds_bmsql_order_line | From cdc_f1a43d5af9fc_260114153544122[/blue]
[green]Sync SUCCESS | cdc_f1a43d5af9fc_260114153556896[/green]
Sync duration=2.780s status=SUCCESS
------------------------------------------------------------------------
[blue]INCREMENTAL Sync | Task: 127_0_0_1_6001_tpcc_bmsql_order_line_to_tpcc_ds_bmsql_order_line | From cdc_f1a43d5af9fc_260114153556896[/blue]
[green]Sync SUCCESS | cdc_f1a43d5af9fc_260114153609927[/green]
Sync duration=2.998s status=SUCCESS
------------------------------------------------------------------------
[green]FULL VERIFY PASSED[/green] upstream rows=3706182 hash=44934329 snapshot=cdc_f1a43d5af9fc_260114153609927
Verify duration=2.457s mode=FULL snapshot=cdc_f1a43d5af9fc_260114153609927
[blue]INCREMENTAL Sync | Task: 127_0_0_1_6001_tpcc_bmsql_order_line_to_tpcc_ds_bmsql_order_line | From cdc_f1a43d5af9fc_260114153609927[/blue]
[green]Sync SUCCESS | cdc_f1a43d5af9fc_260114153625642[/green]
Sync duration=3.300s status=SUCCESS
------------------------------------------------------------------------
[blue]INCREMENTAL Sync | Task: 127_0_0_1_6001_tpcc_bmsql_order_line_to_tpcc_ds_bmsql_order_line | From cdc_f1a43d5af9fc_260114153625642[/blue]
[green]Sync SUCCESS | cdc_f1a43d5af9fc_260114153638716[/green]
Sync duration=2.997s status=SUCCESS
------------------------------------------------------------------------
[blue]INCREMENTAL Sync | Task: 127_0_0_1_6001_tpcc_bmsql_order_line_to_tpcc_ds_bmsql_order_line | From cdc_f1a43d5af9fc_260114153638716[/blue]
[green]Sync SUCCESS | cdc_f1a43d5af9fc_260114153651816[/green]
Sync duration=3.131s status=SUCCESS
------------------------------------------------------------------------
[blue]INCREMENTAL Sync | Task: 127_0_0_1_6001_tpcc_bmsql_order_line_to_tpcc_ds_bmsql_order_line | From cdc_f1a43d5af9fc_260114153651816[/blue]
[green]Sync SUCCESS | cdc_f1a43d5af9fc_260114153704858[/green]
Sync duration=3.132s status=SUCCESS
------------------------------------------------------------------------
Watermark inconsistent with downstream; resetting to FULL sync.
[blue]FULL Sync | Task: 127_0_0_1_6001_tpcc_bmsql_order_line_to_tpcc_ds_bmsql_order_line[/blue]
[green]Sync SUCCESS | cdc_f1a43d5af9fc_260114153718162[/green]
Sync duration=9.271s status=SUCCESS
------------------------------------------------------------------------
[green]FULL VERIFY PASSED[/green] upstream rows=3732338 hash=1919722817 snapshot=cdc_f1a43d5af9fc_260114153718162
Verify duration=3.055s mode=FULL snapshot=cdc_f1a43d5af9fc_260114153718162
[blue]INCREMENTAL Sync | Task: 127_0_0_1_6001_tpcc_bmsql_order_line_to_tpcc_ds_bmsql_order_line | From cdc_f1a43d5af9fc_260114153718162[/blue]
[green]Sync SUCCESS | cdc_f1a43d5af9fc_260114153740743[/green]
Sync duration=3.710s status=SUCCESS
------------------------------------------------------------------------
Watermark inconsistent with downstream; resetting to FULL sync.
[blue]FULL Sync | Task: 127_0_0_1_6001_tpcc_bmsql_order_line_to_tpcc_ds_bmsql_order_line[/blue]
[green]Sync SUCCESS | cdc_f1a43d5af9fc_260114153754305[/green]
Sync duration=9.737s status=SUCCESS
------------------------------------------------------------------------
[blue]INCREMENTAL Sync | Task: 127_0_0_1_6001_tpcc_bmsql_order_line_to_tpcc_ds_bmsql_order_line | From cdc_f1a43d5af9fc_260114153754305[/blue]
[green]Sync SUCCESS | cdc_f1a43d5af9fc_260114153813861[/green]
Sync duration=3.125s status=SUCCESS
------------------------------------------------------------------------
Watermark inconsistent with downstream; resetting to FULL sync.
[blue]FULL Sync | Task: 127_0_0_1_6001_tpcc_bmsql_order_line_to_tpcc_ds_bmsql_order_line[/blue]
[green]Sync SUCCESS | cdc_f1a43d5af9fc_260114153826896[/green]
Sync duration=9.020s status=SUCCESS
------------------------------------------------------------------------
[blue]INCREMENTAL Sync | Task: 127_0_0_1_6001_tpcc_bmsql_order_line_to_tpcc_ds_bmsql_order_line | From cdc_f1a43d5af9fc_260114153826896[/blue]
[green]Sync SUCCESS | cdc_f1a43d5af9fc_260114153846190[/green]
Sync duration=3.404s status=SUCCESS
------------------------------------------------------------------------
[green]FULL VERIFY PASSED[/green] upstream rows=3762464 hash=3230557159 snapshot=cdc_f1a43d5af9fc_260114153846190
Verify duration=2.504s mode=FULL snapshot=cdc_f1a43d5af9fc_260114153846190
[blue]INCREMENTAL Sync | Task: 127_0_0_1_6001_tpcc_bmsql_order_line_to_tpcc_ds_bmsql_order_line | From cdc_f1a43d5af9fc_260114153846190[/blue]
[green]Sync SUCCESS | cdc_f1a43d5af9fc_260114153901976[/green]
Sync duration=3.079s status=SUCCESS
------------------------------------------------------------------------
[blue]INCREMENTAL Sync | Task: 127_0_0_1_6001_tpcc_bmsql_order_line_to_tpcc_ds_bmsql_order_line | From cdc_f1a43d5af9fc_260114153901976[/blue]
[green]Sync SUCCESS | cdc_f1a43d5af9fc_260114153915199[/green]
Sync duration=3.106s status=SUCCESS
------------------------------------------------------------------------
Watermark inconsistent with downstream; resetting to FULL sync.
[blue]FULL Sync | Task: 127_0_0_1_6001_tpcc_bmsql_order_line_to_tpcc_ds_bmsql_order_line[/blue]
[green]Sync SUCCESS | cdc_f1a43d5af9fc_260114153928047[/green]
Sync duration=9.422s status=SUCCESS
------------------------------------------------------------------------
[blue]INCREMENTAL Sync | Task: 127_0_0_1_6001_tpcc_bmsql_order_line_to_tpcc_ds_bmsql_order_line | From cdc_f1a43d5af9fc_260114153928047[/blue]
[yellow]Sync NOOP | cdc_f1a43d5af9fc_260114153947717[/yellow]
Sync duration=2.848s status=NOOP
------------------------------------------------------------------------
[blue]INCREMENTAL Sync | Task: 127_0_0_1_6001_tpcc_bmsql_order_line_to_tpcc_ds_bmsql_order_line | From cdc_f1a43d5af9fc_260114153928047[/blue]
[yellow]Sync NOOP | cdc_f1a43d5af9fc_260114154000684[/yellow]
Sync duration=2.949s status=NOOP
------------------------------------------------------------------------
[green]FULL VERIFY PASSED[/green] upstream rows=3770011 hash=2624286351 snapshot=cdc_f1a43d5af9fc_260114153928047
Verify duration=2.294s mode=FULL snapshot=cdc_f1a43d5af9fc_260114153928047
[blue]INCREMENTAL Sync | Task: 127_0_0_1_6001_tpcc_bmsql_order_line_to_tpcc_ds_bmsql_order_line | From cdc_f1a43d5af9fc_260114153928047[/blue]
[yellow]Sync NOOP | cdc_f1a43d5af9fc_260114154015550[/yellow]
Sync duration=2.530s status=NOOP
------------------------------------------------------------------------
[blue]INCREMENTAL Sync | Task: 127_0_0_1_6001_tpcc_bmsql_order_line_to_tpcc_ds_bmsql_order_line | From cdc_f1a43d5af9fc_260114153928047[/blue]
[yellow]Sync NOOP | cdc_f1a43d5af9fc_260114154028157[/yellow]
Sync duration=2.591s status=NOOP
------------------------------------------------------------------------
[blue]INCREMENTAL Sync | Task: 127_0_0_1_6001_tpcc_bmsql_order_line_to_tpcc_ds_bmsql_order_line | From cdc_f1a43d5af9fc_260114153928047[/blue]
[yellow]Sync NOOP | cdc_f1a43d5af9fc_260114154040684[/yellow]
Sync duration=2.507s status=NOOP
------------------------------------------------------------------------
[blue]INCREMENTAL Sync | Task: 127_0_0_1_6001_tpcc_bmsql_order_line_to_tpcc_ds_bmsql_order_line | From cdc_f1a43d5af9fc_260114153928047[/blue]
[yellow]Sync NOOP | cdc_f1a43d5af9fc_260114154053232[/yellow]
Sync duration=2.529s status=NOOP
------------------------------------------------------------------------
Auto mode interrupted by user.
[green]FULL VERIFY PASSED[/green] upstream rows=3770011 hash=2624286351 snapshot=LATEST
Verify duration=2.486s mode=FULL snapshot=LATEST
[green]FULL VERIFY PASSED[/green] upstream rows=3770011 hash=2624286351 snapshot=LATEST
Verify duration=2.603s mode=FULL snapshot=LATEST
[blue]FULL Sync | Task: 127_0_0_1_6001_tpcc_bmsql_order_line_to_tpcc_ds_bmsql_order_line[/blue]
[green]Sync SUCCESS | branch_cdc_f1a43d5af9fc_260114154524286[/green]
Sync duration=6.816s status=SUCCESS
------------------------------------------------------------------------
[blue]INCREMENTAL Sync | Task: 127_0_0_1_6001_tpcc_bmsql_order_line_to_tpcc_ds_bmsql_order_line | From branch_cdc_f1a43d5af9fc_260114154524286[/blue]
[green]Sync SUCCESS | branch_cdc_f1a43d5af9fc_260114154538877[/green]
Sync duration=3.342s status=SUCCESS
------------------------------------------------------------------------
[blue]INCREMENTAL Sync | Task: 127_0_0_1_6001_tpcc_bmsql_order_line_to_tpcc_ds_bmsql_order_line | From branch_cdc_f1a43d5af9fc_260114154538877[/blue]
[green]Sync SUCCESS | branch_cdc_f1a43d5af9fc_260114154546881[/green]
Sync duration=2.768s status=SUCCESS
------------------------------------------------------------------------
[blue]INCREMENTAL Sync | Task: 127_0_0_1_6001_tpcc_bmsql_order_line_to_tpcc_ds_bmsql_order_line | From branch_cdc_f1a43d5af9fc_260114154546881[/blue]
[green]Sync SUCCESS | branch_cdc_f1a43d5af9fc_260114154555112[/green]
Sync duration=3.265s status=SUCCESS
------------------------------------------------------------------------
[blue]INCREMENTAL Sync | Task: 127_0_0_1_6001_tpcc_bmsql_order_line_to_tpcc_ds_bmsql_order_line | From branch_cdc_f1a43d5af9fc_260114154555112[/blue]
[green]Sync SUCCESS | branch_cdc_f1a43d5af9fc_260114154603167[/green]
Sync duration=3.018s status=SUCCESS
------------------------------------------------------------------------
[green]FULL VERIFY PASSED[/green] upstream rows=3787176 hash=1966709142 snapshot=branch_cdc_f1a43d5af9fc_260114154603167
Verify duration=2.154s mode=FULL snapshot=branch_cdc_f1a43d5af9fc_260114154603167
[blue]INCREMENTAL Sync | Task: 127_0_0_1_6001_tpcc_bmsql_order_line_to_tpcc_ds_bmsql_order_line | From branch_cdc_f1a43d5af9fc_260114154603167[/blue]
[green]Sync SUCCESS | branch_cdc_f1a43d5af9fc_260114154613066[/green]
Sync duration=2.737s status=SUCCESS
------------------------------------------------------------------------
[blue]INCREMENTAL Sync | Task: 127_0_0_1_6001_tpcc_bmsql_order_line_to_tpcc_ds_bmsql_order_line | From branch_cdc_f1a43d5af9fc_260114154613066[/blue]
[green]Sync SUCCESS | branch_cdc_f1a43d5af9fc_260114154620704[/green]
Sync duration=2.636s status=SUCCESS
------------------------------------------------------------------------
[blue]INCREMENTAL Sync | Task: 127_0_0_1_6001_tpcc_bmsql_order_line_to_tpcc_ds_bmsql_order_line | From branch_cdc_f1a43d5af9fc_260114154620704[/blue]
[green]Sync SUCCESS | branch_cdc_f1a43d5af9fc_260114154628445[/green]
Sync duration=2.663s status=SUCCESS
------------------------------------------------------------------------
[blue]INCREMENTAL Sync | Task: 127_0_0_1_6001_tpcc_bmsql_order_line_to_tpcc_ds_bmsql_order_line | From branch_cdc_f1a43d5af9fc_260114154628445[/blue]
[green]Sync SUCCESS | branch_cdc_f1a43d5af9fc_260114154635961[/green]
Sync duration=2.528s status=SUCCESS
------------------------------------------------------------------------
Watermark inconsistent with downstream; resetting to FULL sync.
[blue]FULL Sync | Task: 127_0_0_1_6001_tpcc_bmsql_order_line_to_tpcc_ds_bmsql_order_line[/blue]
[green]Sync SUCCESS | branch_cdc_f1a43d5af9fc_260114154643819[/green]
Sync duration=9.228s status=SUCCESS
------------------------------------------------------------------------
[green]FULL VERIFY PASSED[/green] upstream rows=3801137 hash=1468322805 snapshot=branch_cdc_f1a43d5af9fc_260114154643819
Verify duration=2.898s mode=FULL snapshot=branch_cdc_f1a43d5af9fc_260114154643819
Snapshot cleanup: keep 4, drop 1
[blue]INCREMENTAL Sync | Task: 127_0_0_1_6001_tpcc_bmsql_order_line_to_tpcc_ds_bmsql_order_line | From branch_cdc_f1a43d5af9fc_260114154643819[/blue]
[green]Sync SUCCESS | branch_cdc_f1a43d5af9fc_260114154701668[/green]
Sync duration=3.813s status=SUCCESS
------------------------------------------------------------------------
[blue]INCREMENTAL Sync | Task: 127_0_0_1_6001_tpcc_bmsql_order_line_to_tpcc_ds_bmsql_order_line | From branch_cdc_f1a43d5af9fc_260114154701668[/blue]
[green]Sync SUCCESS | branch_cdc_f1a43d5af9fc_260114154709646[/green]
Sync duration=2.731s status=SUCCESS
------------------------------------------------------------------------
[blue]INCREMENTAL Sync | Task: 127_0_0_1_6001_tpcc_bmsql_order_line_to_tpcc_ds_bmsql_order_line | From branch_cdc_f1a43d5af9fc_260114154709646[/blue]
[yellow]Sync NOOP | branch_cdc_f1a43d5af9fc_260114154717593[/yellow]
Sync duration=2.761s status=NOOP
------------------------------------------------------------------------
[blue]INCREMENTAL Sync | Task: 127_0_0_1_6001_tpcc_bmsql_order_line_to_tpcc_ds_bmsql_order_line | From branch_cdc_f1a43d5af9fc_260114154709646[/blue]
[yellow]Sync NOOP | branch_cdc_f1a43d5af9fc_260114154725096[/yellow]
Sync duration=2.422s status=NOOP
------------------------------------------------------------------------
[blue]INCREMENTAL Sync | Task: 127_0_0_1_6001_tpcc_bmsql_order_line_to_tpcc_ds_bmsql_order_line | From branch_cdc_f1a43d5af9fc_260114154709646[/blue]
[yellow]Sync NOOP | branch_cdc_f1a43d5af9fc_260114154732471[/yellow]
Sync duration=2.372s status=NOOP
------------------------------------------------------------------------
[green]FULL VERIFY PASSED[/green] upstream rows=3808525 hash=1409130014 snapshot=branch_cdc_f1a43d5af9fc_260114154709646
Verify duration=2.221s mode=FULL snapshot=branch_cdc_f1a43d5af9fc_260114154709646
Snapshot cleanup: keep 4, drop 2
[blue]INCREMENTAL Sync | Task: 127_0_0_1_6001_tpcc_bmsql_order_line_to_tpcc_ds_bmsql_order_line | From branch_cdc_f1a43d5af9fc_260114154709646[/blue]
[yellow]Sync NOOP | branch_cdc_f1a43d5af9fc_260114154742150[/yellow]
Sync duration=2.549s status=NOOP
------------------------------------------------------------------------
[blue]INCREMENTAL Sync | Task: 127_0_0_1_6001_tpcc_bmsql_order_line_to_tpcc_ds_bmsql_order_line | From branch_cdc_f1a43d5af9fc_260114154709646[/blue]
[yellow]Sync NOOP | branch_cdc_f1a43d5af9fc_260114154749607[/yellow]
Sync duration=2.318s status=NOOP
------------------------------------------------------------------------
[blue]INCREMENTAL Sync | Task: 127_0_0_1_6001_tpcc_bmsql_order_line_to_tpcc_ds_bmsql_order_line | From branch_cdc_f1a43d5af9fc_260114154709646[/blue]
[yellow]Sync NOOP | branch_cdc_f1a43d5af9fc_260114154756964[/yellow]
Sync duration=2.333s status=NOOP
------------------------------------------------------------------------
[blue]INCREMENTAL Sync | Task: 127_0_0_1_6001_tpcc_bmsql_order_line_to_tpcc_ds_bmsql_order_line | From branch_cdc_f1a43d5af9fc_260114154709646[/blue]
[yellow]Sync NOOP | branch_cdc_f1a43d5af9fc_260114154804358[/yellow]
Sync duration=2.388s status=NOOP
------------------------------------------------------------------------
[blue]INCREMENTAL Sync | Task: 127_0_0_1_6001_tpcc_bmsql_order_line_to_tpcc_ds_bmsql_order_line | From branch_cdc_f1a43d5af9fc_260114154709646[/blue]
[yellow]Sync NOOP | branch_cdc_f1a43d5af9fc_260114154811727[/yellow]
Sync duration=2.369s status=NOOP
------------------------------------------------------------------------
[green]FULL VERIFY PASSED[/green] upstream rows=3808525 hash=1409130014 snapshot=branch_cdc_f1a43d5af9fc_260114154709646
Verify duration=2.271s mode=FULL snapshot=branch_cdc_f1a43d5af9fc_260114154709646
[blue]INCREMENTAL Sync | Task: 127_0_0_1_6001_tpcc_bmsql_order_line_to_tpcc_ds_bmsql_order_line | From branch_cdc_f1a43d5af9fc_260114154709646[/blue]
[yellow]Sync NOOP | branch_cdc_f1a43d5af9fc_260114154821404[/yellow]
Sync duration=2.376s status=NOOP
------------------------------------------------------------------------
[blue]INCREMENTAL Sync | Task: 127_0_0_1_6001_tpcc_bmsql_order_line_to_tpcc_ds_bmsql_order_line | From branch_cdc_f1a43d5af9fc_260114154709646[/blue]
[yellow]Sync NOOP | branch_cdc_f1a43d5af9fc_260114154829287[/yellow]
Sync duration=2.872s status=NOOP
------------------------------------------------------------------------
[blue]INCREMENTAL Sync | Task: 127_0_0_1_6001_tpcc_bmsql_order_line_to_tpcc_ds_bmsql_order_line | From branch_cdc_f1a43d5af9fc_260114154709646[/blue]
[yellow]Sync NOOP | branch_cdc_f1a43d5af9fc_260114154837055[/yellow]
Sync duration=2.767s status=NOOP
------------------------------------------------------------------------
[blue]INCREMENTAL Sync | Task: 127_0_0_1_6001_tpcc_bmsql_order_line_to_tpcc_ds_bmsql_order_line | From branch_cdc_f1a43d5af9fc_260114154709646[/blue]
[yellow]Sync NOOP | branch_cdc_f1a43d5af9fc_260114154844490[/yellow]
Sync duration=2.348s status=NOOP
------------------------------------------------------------------------
[blue]INCREMENTAL Sync | Task: 127_0_0_1_6001_tpcc_bmsql_order_line_to_tpcc_ds_bmsql_order_line | From branch_cdc_f1a43d5af9fc_260114154709646[/blue]
[yellow]Sync NOOP | branch_cdc_f1a43d5af9fc_260114154851889[/yellow]
Sync duration=2.394s status=NOOP
------------------------------------------------------------------------
[green]FULL VERIFY PASSED[/green] upstream rows=3808525 hash=1409130014 snapshot=branch_cdc_f1a43d5af9fc_260114154709646
Verify duration=2.208s mode=FULL snapshot=branch_cdc_f1a43d5af9fc_260114154709646
[blue]INCREMENTAL Sync | Task: 127_0_0_1_6001_tpcc_bmsql_order_line_to_tpcc_ds_bmsql_order_line | From branch_cdc_f1a43d5af9fc_260114154709646[/blue]
[yellow]Sync NOOP | branch_cdc_f1a43d5af9fc_260114154901453[/yellow]
Sync duration=2.353s status=NOOP
------------------------------------------------------------------------
[blue]INCREMENTAL Sync | Task: 127_0_0_1_6001_tpcc_bmsql_order_line_to_tpcc_ds_bmsql_order_line | From branch_cdc_f1a43d5af9fc_260114154709646[/blue]
[yellow]Sync NOOP | branch_cdc_f1a43d5af9fc_260114154909155[/yellow]
Sync duration=2.698s status=NOOP
------------------------------------------------------------------------
[blue]INCREMENTAL Sync | Task: 127_0_0_1_6001_tpcc_bmsql_order_line_to_tpcc_ds_bmsql_order_line | From branch_cdc_f1a43d5af9fc_260114154709646[/blue]
[yellow]Sync NOOP | branch_cdc_f1a43d5af9fc_260114154916591[/yellow]
Sync duration=2.394s status=NOOP
------------------------------------------------------------------------
[blue]INCREMENTAL Sync | Task: 127_0_0_1_6001_tpcc_bmsql_order_line_to_tpcc_ds_bmsql_order_line | From branch_cdc_f1a43d5af9fc_260114154709646[/blue]
[yellow]Sync NOOP | branch_cdc_f1a43d5af9fc_260114154923927[/yellow]
Sync duration=2.344s status=NOOP
------------------------------------------------------------------------
[blue]INCREMENTAL Sync | Task: 127_0_0_1_6001_tpcc_bmsql_order_line_to_tpcc_ds_bmsql_order_line | From branch_cdc_f1a43d5af9fc_260114154709646[/blue]
[yellow]Sync NOOP | branch_cdc_f1a43d5af9fc_260114154931396[/yellow]
Sync duration=2.433s status=NOOP
------------------------------------------------------------------------
[green]FULL VERIFY PASSED[/green] upstream rows=3808525 hash=1409130014 snapshot=branch_cdc_f1a43d5af9fc_260114154709646
Verify duration=2.271s mode=FULL snapshot=branch_cdc_f1a43d5af9fc_260114154709646
[blue]INCREMENTAL Sync | Task: 127_0_0_1_6001_tpcc_bmsql_order_line_to_tpcc_ds_bmsql_order_line | From branch_cdc_f1a43d5af9fc_260114154709646[/blue]
[yellow]Sync NOOP | branch_cdc_f1a43d5af9fc_260114154941104[/yellow]
Sync duration=2.438s status=NOOP
------------------------------------------------------------------------
[blue]INCREMENTAL Sync | Task: 127_0_0_1_6001_tpcc_bmsql_order_line_to_tpcc_ds_bmsql_order_line | From branch_cdc_f1a43d5af9fc_260114154709646[/blue]
[yellow]Sync NOOP | branch_cdc_f1a43d5af9fc_260114154948515[/yellow]
Sync duration=2.386s status=NOOP
------------------------------------------------------------------------
[blue]INCREMENTAL Sync | Task: 127_0_0_1_6001_tpcc_bmsql_order_line_to_tpcc_ds_bmsql_order_line | From branch_cdc_f1a43d5af9fc_260114154709646[/blue]
[yellow]Sync NOOP | branch_cdc_f1a43d5af9fc_260114154955903[/yellow]
Sync duration=2.378s status=NOOP
------------------------------------------------------------------------
[blue]INCREMENTAL Sync | Task: 127_0_0_1_6001_tpcc_bmsql_order_line_to_tpcc_ds_bmsql_order_line | From branch_cdc_f1a43d5af9fc_260114154709646[/blue]
[yellow]Sync NOOP | branch_cdc_f1a43d5af9fc_260114155003315[/yellow]
Sync duration=2.397s status=NOOP
------------------------------------------------------------------------
[blue]INCREMENTAL Sync | Task: 127_0_0_1_6001_tpcc_bmsql_order_line_to_tpcc_ds_bmsql_order_line | From branch_cdc_f1a43d5af9fc_260114154709646[/blue]
[yellow]Sync NOOP | branch_cdc_f1a43d5af9fc_260114155010616[/yellow]
Sync duration=2.269s status=NOOP
------------------------------------------------------------------------
[green]FULL VERIFY PASSED[/green] upstream rows=3808525 hash=1409130014 snapshot=branch_cdc_f1a43d5af9fc_260114154709646
Verify duration=2.252s mode=FULL snapshot=branch_cdc_f1a43d5af9fc_260114154709646
[blue]INCREMENTAL Sync | Task: 127_0_0_1_6001_tpcc_bmsql_order_line_to_tpcc_ds_bmsql_order_line | From branch_cdc_f1a43d5af9fc_260114154709646[/blue]
[yellow]Sync NOOP | branch_cdc_f1a43d5af9fc_260114155020281[/yellow]
Sync duration=2.398s status=NOOP
------------------------------------------------------------------------
[blue]INCREMENTAL Sync | Task: 127_0_0_1_6001_tpcc_bmsql_order_line_to_tpcc_ds_bmsql_order_line | From branch_cdc_f1a43d5af9fc_260114154709646[/blue]
[yellow]Sync NOOP | branch_cdc_f1a43d5af9fc_260114155027695[/yellow]
Sync duration=2.410s status=NOOP
------------------------------------------------------------------------
[blue]INCREMENTAL Sync | Task: 127_0_0_1_6001_tpcc_bmsql_order_line_to_tpcc_ds_bmsql_order_line | From branch_cdc_f1a43d5af9fc_260114154709646[/blue]
[yellow]Sync NOOP | branch_cdc_f1a43d5af9fc_260114155034969[/yellow]
Sync duration=2.263s status=NOOP
------------------------------------------------------------------------
[blue]INCREMENTAL Sync | Task: 127_0_0_1_6001_tpcc_bmsql_order_line_to_tpcc_ds_bmsql_order_line | From branch_cdc_f1a43d5af9fc_260114154709646[/blue]
[yellow]Sync NOOP | branch_cdc_f1a43d5af9fc_260114155042396[/yellow]
Sync duration=2.432s status=NOOP
------------------------------------------------------------------------
[blue]INCREMENTAL Sync | Task: 127_0_0_1_6001_tpcc_bmsql_order_line_to_tpcc_ds_bmsql_order_line | From branch_cdc_f1a43d5af9fc_260114154709646[/blue]
[yellow]Sync NOOP | branch_cdc_f1a43d5af9fc_260114155049825[/yellow]
Sync duration=2.389s status=NOOP
------------------------------------------------------------------------
[green]FULL VERIFY PASSED[/green] upstream rows=3808525 hash=1409130014 snapshot=branch_cdc_f1a43d5af9fc_260114154709646
Verify duration=3.295s mode=FULL snapshot=branch_cdc_f1a43d5af9fc_260114154709646
[blue]INCREMENTAL Sync | Task: 127_0_0_1_6001_tpcc_bmsql_order_line_to_tpcc_ds_bmsql_order_line | From branch_cdc_f1a43d5af9fc_260114154709646[/blue]
[yellow]Sync NOOP | branch_cdc_f1a43d5af9fc_260114155100829[/yellow]
Sync duration=2.691s status=NOOP
------------------------------------------------------------------------
[blue]INCREMENTAL Sync | Task: 127_0_0_1_6001_tpcc_bmsql_order_line_to_tpcc_ds_bmsql_order_line | From branch_cdc_f1a43d5af9fc_260114154709646[/blue]
[yellow]Sync NOOP | branch_cdc_f1a43d5af9fc_260114155108713[/yellow]
Sync duration=2.877s status=NOOP
------------------------------------------------------------------------
[blue]INCREMENTAL Sync | Task: 127_0_0_1_6001_tpcc_bmsql_order_line_to_tpcc_ds_bmsql_order_line | From branch_cdc_f1a43d5af9fc_260114154709646[/blue]
[yellow]Sync NOOP | branch_cdc_f1a43d5af9fc_260114155116174[/yellow]
Sync duration=2.426s status=NOOP
------------------------------------------------------------------------
[blue]INCREMENTAL Sync | Task: 127_0_0_1_6001_tpcc_bmsql_order_line_to_tpcc_ds_bmsql_order_line | From branch_cdc_f1a43d5af9fc_260114154709646[/blue]
[yellow]Sync NOOP | branch_cdc_f1a43d5af9fc_260114155123543[/yellow]
Sync duration=2.349s status=NOOP
------------------------------------------------------------------------
[blue]INCREMENTAL Sync | Task: 127_0_0_1_6001_tpcc_bmsql_order_line_to_tpcc_ds_bmsql_order_line | From branch_cdc_f1a43d5af9fc_260114154709646[/blue]
[yellow]Sync NOOP | branch_cdc_f1a43d5af9fc_260114155130913[/yellow]
Sync duration=2.380s status=NOOP
------------------------------------------------------------------------
[green]FULL VERIFY PASSED[/green] upstream rows=3808525 hash=1409130014 snapshot=branch_cdc_f1a43d5af9fc_260114154709646
Verify duration=2.112s mode=FULL snapshot=branch_cdc_f1a43d5af9fc_260114154709646
[blue]INCREMENTAL Sync | Task: 127_0_0_1_6001_tpcc_bmsql_order_line_to_tpcc_ds_bmsql_order_line | From branch_cdc_f1a43d5af9fc_260114154709646[/blue]
[yellow]Sync NOOP | branch_cdc_f1a43d5af9fc_260114155140320[/yellow]
Sync duration=2.270s status=NOOP
------------------------------------------------------------------------
[blue]INCREMENTAL Sync | Task: 127_0_0_1_6001_tpcc_bmsql_order_line_to_tpcc_ds_bmsql_order_line | From branch_cdc_f1a43d5af9fc_260114154709646[/blue]
[yellow]Sync NOOP | branch_cdc_f1a43d5af9fc_260114155147719[/yellow]
Sync duration=2.372s status=NOOP
------------------------------------------------------------------------
[blue]INCREMENTAL Sync | Task: 127_0_0_1_6001_tpcc_bmsql_order_line_to_tpcc_ds_bmsql_order_line | From branch_cdc_f1a43d5af9fc_260114154709646[/blue]
[yellow]Sync NOOP | branch_cdc_f1a43d5af9fc_260114155155072[/yellow]
Sync duration=2.339s status=NOOP
------------------------------------------------------------------------
[blue]INCREMENTAL Sync | Task: 127_0_0_1_6001_tpcc_bmsql_order_line_to_tpcc_ds_bmsql_order_line | From branch_cdc_f1a43d5af9fc_260114154709646[/blue]
[yellow]Sync NOOP | branch_cdc_f1a43d5af9fc_260114155202378[/yellow]
Sync duration=2.295s status=NOOP
------------------------------------------------------------------------
[blue]INCREMENTAL Sync | Task: 127_0_0_1_6001_tpcc_bmsql_order_line_to_tpcc_ds_bmsql_order_line | From branch_cdc_f1a43d5af9fc_260114154709646[/blue]
[yellow]Sync NOOP | branch_cdc_f1a43d5af9fc_260114155209639[/yellow]
Sync duration=2.240s status=NOOP
------------------------------------------------------------------------
[green]FULL VERIFY PASSED[/green] upstream rows=3808525 hash=1409130014 snapshot=branch_cdc_f1a43d5af9fc_260114154709646
Verify duration=2.114s mode=FULL snapshot=branch_cdc_f1a43d5af9fc_260114154709646
[blue]INCREMENTAL Sync | Task: 127_0_0_1_6001_tpcc_bmsql_order_line_to_tpcc_ds_bmsql_order_line | From branch_cdc_f1a43d5af9fc_260114154709646[/blue]
[yellow]Sync NOOP | branch_cdc_f1a43d5af9fc_260114155219030[/yellow]
Sync duration=2.279s status=NOOP
------------------------------------------------------------------------
[blue]INCREMENTAL Sync | Task: 127_0_0_1_6001_tpcc_bmsql_order_line_to_tpcc_ds_bmsql_order_line | From branch_cdc_f1a43d5af9fc_260114154709646[/blue]
[yellow]Sync NOOP | branch_cdc_f1a43d5af9fc_260114155226295[/yellow]
Sync duration=2.233s status=NOOP
------------------------------------------------------------------------
[blue]INCREMENTAL Sync | Task: 127_0_0_1_6001_tpcc_bmsql_order_line_to_tpcc_ds_bmsql_order_line | From branch_cdc_f1a43d5af9fc_260114154709646[/blue]
[yellow]Sync NOOP | branch_cdc_f1a43d5af9fc_260114155233592[/yellow]
Sync duration=2.276s status=NOOP
------------------------------------------------------------------------
[blue]INCREMENTAL Sync | Task: 127_0_0_1_6001_tpcc_bmsql_order_line_to_tpcc_ds_bmsql_order_line | From branch_cdc_f1a43d5af9fc_260114154709646[/blue]
[yellow]Sync NOOP | branch_cdc_f1a43d5af9fc_260114155240801[/yellow]
Sync duration=2.191s status=NOOP
------------------------------------------------------------------------
[blue]INCREMENTAL Sync | Task: 127_0_0_1_6001_tpcc_bmsql_order_line_to_tpcc_ds_bmsql_order_line | From branch_cdc_f1a43d5af9fc_260114154709646[/blue]
[yellow]Sync NOOP | branch_cdc_f1a43d5af9fc_260114155248188[/yellow]
Sync duration=2.371s status=NOOP
------------------------------------------------------------------------
[green]FULL VERIFY PASSED[/green] upstream rows=3808525 hash=1409130014 snapshot=branch_cdc_f1a43d5af9fc_260114154709646
Verify duration=2.090s mode=FULL snapshot=branch_cdc_f1a43d5af9fc_260114154709646
[blue]INCREMENTAL Sync | Task: 127_0_0_1_6001_tpcc_bmsql_order_line_to_tpcc_ds_bmsql_order_line | From branch_cdc_f1a43d5af9fc_260114154709646[/blue]
[yellow]Sync NOOP | branch_cdc_f1a43d5af9fc_260114155257839[/yellow]
Sync duration=2.561s status=NOOP
------------------------------------------------------------------------
[blue]INCREMENTAL Sync | Task: 127_0_0_1_6001_tpcc_bmsql_order_line_to_tpcc_ds_bmsql_order_line | From branch_cdc_f1a43d5af9fc_260114154709646[/blue]
[yellow]Sync NOOP | branch_cdc_f1a43d5af9fc_260114155305448[/yellow]
Sync duration=2.581s status=NOOP
------------------------------------------------------------------------
[blue]INCREMENTAL Sync | Task: 127_0_0_1_6001_tpcc_bmsql_order_line_to_tpcc_ds_bmsql_order_line | From branch_cdc_f1a43d5af9fc_260114154709646[/blue]
[yellow]Sync NOOP | branch_cdc_f1a43d5af9fc_260114155313055[/yellow]
Sync duration=2.592s status=NOOP
------------------------------------------------------------------------
[blue]INCREMENTAL Sync | Task: 127_0_0_1_6001_tpcc_bmsql_order_line_to_tpcc_ds_bmsql_order_line | From branch_cdc_f1a43d5af9fc_260114154709646[/blue]
[yellow]Sync NOOP | branch_cdc_f1a43d5af9fc_260114155320284[/yellow]
Sync duration=2.204s status=NOOP
------------------------------------------------------------------------
[blue]INCREMENTAL Sync | Task: 127_0_0_1_6001_tpcc_bmsql_order_line_to_tpcc_ds_bmsql_order_line | From branch_cdc_f1a43d5af9fc_260114154709646[/blue]
[yellow]Sync NOOP | branch_cdc_f1a43d5af9fc_260114155327830[/yellow]
Sync duration=2.538s status=NOOP
------------------------------------------------------------------------
[green]FULL VERIFY PASSED[/green] upstream rows=3808525 hash=1409130014 snapshot=branch_cdc_f1a43d5af9fc_260114154709646
Verify duration=2.096s mode=FULL snapshot=branch_cdc_f1a43d5af9fc_260114154709646
[blue]INCREMENTAL Sync | Task: 127_0_0_1_6001_tpcc_bmsql_order_line_to_tpcc_ds_bmsql_order_line | From branch_cdc_f1a43d5af9fc_260114154709646[/blue]
[yellow]Sync NOOP | branch_cdc_f1a43d5af9fc_260114155337210[/yellow]
Sync duration=2.252s status=NOOP
------------------------------------------------------------------------
[blue]INCREMENTAL Sync | Task: 127_0_0_1_6001_tpcc_bmsql_order_line_to_tpcc_ds_bmsql_order_line | From branch_cdc_f1a43d5af9fc_260114154709646[/blue]
[yellow]Sync NOOP | branch_cdc_f1a43d5af9fc_260114155345291[/yellow]
Sync duration=3.272s status=NOOP
------------------------------------------------------------------------
[blue]INCREMENTAL Sync | Task: 127_0_0_1_6001_tpcc_bmsql_order_line_to_tpcc_ds_bmsql_order_line | From branch_cdc_f1a43d5af9fc_260114154709646[/blue]
[yellow]Sync NOOP | branch_cdc_f1a43d5af9fc_260114155356668[/yellow]
Sync duration=6.380s status=NOOP
------------------------------------------------------------------------
[blue]INCREMENTAL Sync | Task: 127_0_0_1_6001_tpcc_bmsql_order_line_to_tpcc_ds_bmsql_order_line | From branch_cdc_f1a43d5af9fc_260114154709646[/blue]
[yellow]Sync NOOP | branch_cdc_f1a43d5af9fc_260114155405147[/yellow]
Sync duration=3.255s status=NOOP
------------------------------------------------------------------------
[blue]INCREMENTAL Sync | Task: 127_0_0_1_6001_tpcc_bmsql_order_line_to_tpcc_ds_bmsql_order_line | From branch_cdc_f1a43d5af9fc_260114154709646[/blue]
[yellow]Sync NOOP | branch_cdc_f1a43d5af9fc_260114155412933[/yellow]
Sync duration=2.787s status=NOOP
------------------------------------------------------------------------
[green]FULL VERIFY PASSED[/green] upstream rows=3808525 hash=1409130014 snapshot=branch_cdc_f1a43d5af9fc_260114154709646
Verify duration=2.346s mode=FULL snapshot=branch_cdc_f1a43d5af9fc_260114154709646
[blue]INCREMENTAL Sync | Task: 127_0_0_1_6001_tpcc_bmsql_order_line_to_tpcc_ds_bmsql_order_line | From branch_cdc_f1a43d5af9fc_260114154709646[/blue]
[yellow]Sync NOOP | branch_cdc_f1a43d5af9fc_260114155422941[/yellow]
Sync duration=2.632s status=NOOP
------------------------------------------------------------------------
[blue]INCREMENTAL Sync | Task: 127_0_0_1_6001_tpcc_bmsql_order_line_to_tpcc_ds_bmsql_order_line | From branch_cdc_f1a43d5af9fc_260114154709646[/blue]
[yellow]Sync NOOP | branch_cdc_f1a43d5af9fc_260114155436054[/yellow]
Sync duration=8.387s status=NOOP
------------------------------------------------------------------------
[blue]INCREMENTAL Sync | Task: 127_0_0_1_6001_tpcc_bmsql_order_line_to_tpcc_ds_bmsql_order_line | From branch_cdc_f1a43d5af9fc_260114154709646[/blue]
[yellow]Sync NOOP | branch_cdc_f1a43d5af9fc_260114155449846[/yellow]
Sync duration=8.793s status=NOOP
------------------------------------------------------------------------
[blue]INCREMENTAL Sync | Task: 127_0_0_1_6001_tpcc_bmsql_order_line_to_tpcc_ds_bmsql_order_line | From branch_cdc_f1a43d5af9fc_260114154709646[/blue]
[yellow]Sync NOOP | branch_cdc_f1a43d5af9fc_260114155504903[/yellow]
Sync duration=9.936s status=NOOP
------------------------------------------------------------------------
[blue]INCREMENTAL Sync | Task: 127_0_0_1_6001_tpcc_bmsql_order_line_to_tpcc_ds_bmsql_order_line | From branch_cdc_f1a43d5af9fc_260114154709646[/blue]
[yellow]Sync NOOP | branch_cdc_f1a43d5af9fc_260114155517968[/yellow]
Sync duration=7.908s status=NOOP
------------------------------------------------------------------------
[green]FULL VERIFY PASSED[/green] upstream rows=3808525 hash=1409130014 snapshot=branch_cdc_f1a43d5af9fc_260114154709646
Verify duration=5.409s mode=FULL snapshot=branch_cdc_f1a43d5af9fc_260114154709646
[blue]INCREMENTAL Sync | Task: 127_0_0_1_6001_tpcc_bmsql_order_line_to_tpcc_ds_bmsql_order_line | From branch_cdc_f1a43d5af9fc_260114154709646[/blue]
[yellow]Sync NOOP | branch_cdc_f1a43d5af9fc_260114155532703[/yellow]
Sync duration=4.193s status=NOOP
------------------------------------------------------------------------
[blue]INCREMENTAL Sync | Task: 127_0_0_1_6001_tpcc_bmsql_order_line_to_tpcc_ds_bmsql_order_line | From branch_cdc_f1a43d5af9fc_260114154709646[/blue]
[yellow]Sync NOOP | branch_cdc_f1a43d5af9fc_260114155542572[/yellow]
Sync duration=4.966s status=NOOP
------------------------------------------------------------------------
[blue]INCREMENTAL Sync | Task: 127_0_0_1_6001_tpcc_bmsql_order_line_to_tpcc_ds_bmsql_order_line | From branch_cdc_f1a43d5af9fc_260114154709646[/blue]
[yellow]Sync NOOP | branch_cdc_f1a43d5af9fc_260114155552308[/yellow]
Sync duration=4.545s status=NOOP
------------------------------------------------------------------------
[blue]INCREMENTAL Sync | Task: 127_0_0_1_6001_tpcc_bmsql_order_line_to_tpcc_ds_bmsql_order_line | From branch_cdc_f1a43d5af9fc_260114154709646[/blue]
[yellow]Sync NOOP | branch_cdc_f1a43d5af9fc_260114155602115[/yellow]
Sync duration=5.099s status=NOOP
------------------------------------------------------------------------
[blue]INCREMENTAL Sync | Task: 127_0_0_1_6001_tpcc_bmsql_order_line_to_tpcc_ds_bmsql_order_line | From branch_cdc_f1a43d5af9fc_260114154709646[/blue]
[yellow]Sync NOOP | branch_cdc_f1a43d5af9fc_260114155611250[/yellow]
Sync duration=3.806s status=NOOP
------------------------------------------------------------------------
[green]FULL VERIFY PASSED[/green] upstream rows=3808525 hash=1409130014 snapshot=branch_cdc_f1a43d5af9fc_260114154709646
Verify duration=3.784s mode=FULL snapshot=branch_cdc_f1a43d5af9fc_260114154709646
[blue]INCREMENTAL Sync | Task: 127_0_0_1_6001_tpcc_bmsql_order_line_to_tpcc_ds_bmsql_order_line | From branch_cdc_f1a43d5af9fc_260114154709646[/blue]
[yellow]Sync NOOP | branch_cdc_f1a43d5af9fc_260114155623561[/yellow]
Sync duration=3.587s status=NOOP
------------------------------------------------------------------------
[blue]INCREMENTAL Sync | Task: 127_0_0_1_6001_tpcc_bmsql_order_line_to_tpcc_ds_bmsql_order_line | From branch_cdc_f1a43d5af9fc_260114154709646[/blue]
[yellow]Sync NOOP | branch_cdc_f1a43d5af9fc_260114155632159[/yellow]
Sync duration=3.536s status=NOOP
------------------------------------------------------------------------
[blue]INCREMENTAL Sync | Task: 127_0_0_1_6001_tpcc_bmsql_order_line_to_tpcc_ds_bmsql_order_line | From branch_cdc_f1a43d5af9fc_260114154709646[/blue]
[yellow]Sync NOOP | branch_cdc_f1a43d5af9fc_260114155640527[/yellow]
Sync duration=3.391s status=NOOP
------------------------------------------------------------------------
[blue]INCREMENTAL Sync | Task: 127_0_0_1_6001_tpcc_bmsql_order_line_to_tpcc_ds_bmsql_order_line | From branch_cdc_f1a43d5af9fc_260114154709646[/blue]
[yellow]Sync NOOP | branch_cdc_f1a43d5af9fc_260114155650798[/yellow]
Sync duration=5.379s status=NOOP
------------------------------------------------------------------------
[blue]INCREMENTAL Sync | Task: 127_0_0_1_6001_tpcc_bmsql_order_line_to_tpcc_ds_bmsql_order_line | From branch_cdc_f1a43d5af9fc_260114154709646[/blue]
[yellow]Sync NOOP | branch_cdc_f1a43d5af9fc_260114155703743[/yellow]
Sync duration=7.938s status=NOOP
------------------------------------------------------------------------
[green]FULL VERIFY PASSED[/green] upstream rows=3808525 hash=1409130014 snapshot=branch_cdc_f1a43d5af9fc_260114154709646
Verify duration=7.740s mode=FULL snapshot=branch_cdc_f1a43d5af9fc_260114154709646
[blue]INCREMENTAL Sync | Task: 127_0_0_1_6001_tpcc_bmsql_order_line_to_tpcc_ds_bmsql_order_line | From branch_cdc_f1a43d5af9fc_260114154709646[/blue]
[yellow]Sync NOOP | branch_cdc_f1a43d5af9fc_260114155723506[/yellow]
Sync duration=6.115s status=NOOP
------------------------------------------------------------------------
[blue]INCREMENTAL Sync | Task: 127_0_0_1_6001_tpcc_bmsql_order_line_to_tpcc_ds_bmsql_order_line | From branch_cdc_f1a43d5af9fc_260114154709646[/blue]
[yellow]Sync NOOP | branch_cdc_f1a43d5af9fc_260114155730983[/yellow]
Sync duration=2.359s status=NOOP
------------------------------------------------------------------------
[blue]INCREMENTAL Sync | Task: 127_0_0_1_6001_tpcc_bmsql_order_line_to_tpcc_ds_bmsql_order_line | From branch_cdc_f1a43d5af9fc_260114154709646[/blue]
[yellow]Sync NOOP | branch_cdc_f1a43d5af9fc_260114155738416[/yellow]
Sync duration=2.417s status=NOOP
------------------------------------------------------------------------
[blue]INCREMENTAL Sync | Task: 127_0_0_1_6001_tpcc_bmsql_order_line_to_tpcc_ds_bmsql_order_line | From branch_cdc_f1a43d5af9fc_260114154709646[/blue]
[yellow]Sync NOOP | branch_cdc_f1a43d5af9fc_260114155745657[/yellow]
Sync duration=2.234s status=NOOP
------------------------------------------------------------------------
[blue]INCREMENTAL Sync | Task: 127_0_0_1_6001_tpcc_bmsql_order_line_to_tpcc_ds_bmsql_order_line | From branch_cdc_f1a43d5af9fc_260114154709646[/blue]
[yellow]Sync NOOP | branch_cdc_f1a43d5af9fc_260114155752973[/yellow]
Sync duration=2.308s status=NOOP
------------------------------------------------------------------------
[green]FULL VERIFY PASSED[/green] upstream rows=3808525 hash=1409130014 snapshot=branch_cdc_f1a43d5af9fc_260114154709646
Verify duration=2.098s mode=FULL snapshot=branch_cdc_f1a43d5af9fc_260114154709646
[blue]INCREMENTAL Sync | Task: 127_0_0_1_6001_tpcc_bmsql_order_line_to_tpcc_ds_bmsql_order_line | From branch_cdc_f1a43d5af9fc_260114154709646[/blue]
[yellow]Sync NOOP | branch_cdc_f1a43d5af9fc_260114155802356[/yellow]
Sync duration=2.257s status=NOOP
------------------------------------------------------------------------
[blue]INCREMENTAL Sync | Task: 127_0_0_1_6001_tpcc_bmsql_order_line_to_tpcc_ds_bmsql_order_line | From branch_cdc_f1a43d5af9fc_260114154709646[/blue]
[yellow]Sync NOOP | branch_cdc_f1a43d5af9fc_260114155809583[/yellow]
Sync duration=2.214s status=NOOP
------------------------------------------------------------------------
[blue]INCREMENTAL Sync | Task: 127_0_0_1_6001_tpcc_bmsql_order_line_to_tpcc_ds_bmsql_order_line | From branch_cdc_f1a43d5af9fc_260114154709646[/blue]
[yellow]Sync NOOP | branch_cdc_f1a43d5af9fc_260114155816869[/yellow]
Sync duration=2.275s status=NOOP
------------------------------------------------------------------------
[blue]INCREMENTAL Sync | Task: 127_0_0_1_6001_tpcc_bmsql_order_line_to_tpcc_ds_bmsql_order_line | From branch_cdc_f1a43d5af9fc_260114154709646[/blue]
[yellow]Sync NOOP | branch_cdc_f1a43d5af9fc_260114155824109[/yellow]
Sync duration=2.227s status=NOOP
------------------------------------------------------------------------
[blue]INCREMENTAL Sync | Task: 127_0_0_1_6001_tpcc_bmsql_order_line_to_tpcc_ds_bmsql_order_line | From branch_cdc_f1a43d5af9fc_260114154709646[/blue]
[yellow]Sync NOOP | branch_cdc_f1a43d5af9fc_260114155831471[/yellow]
Sync duration=2.350s status=NOOP
------------------------------------------------------------------------
[green]FULL VERIFY PASSED[/green] upstream rows=3808525 hash=1409130014 snapshot=branch_cdc_f1a43d5af9fc_260114154709646
Verify duration=2.066s mode=FULL snapshot=branch_cdc_f1a43d5af9fc_260114154709646
Auto mode interrupted by user.
[blue]INCREMENTAL Sync | Task: 127_0_0_1_6001_tpcc_bmsql_order_line_to_tpcc_ds_bmsql_order_line | From branch_cdc_f1a43d5af9fc_260114154709646[/blue]
[yellow]Sync NOOP | branch_cdc_f1a43d5af9fc_260114155842103[/yellow]
Sync duration=2.392s status=NOOP
------------------------------------------------------------------------
[green]FULL VERIFY PASSED[/green] upstream rows=3808525 hash=1409130014 snapshot=branch_cdc_f1a43d5af9fc_260114154709646
Verify duration=2.345s mode=FULL snapshot=branch_cdc_f1a43d5af9fc_260114154709646
[red]FULL VERIFY FAILED[/red] upstream rows=3805871 hash=2576554096 downstream rows=3808525 hash=1409130014 snapshot=branch_cdc_f1a43d5af9fc_260114154701668
Verify duration=2.228s mode=FULL snapshot=branch_cdc_f1a43d5af9fc_260114154701668
[green]FULL VERIFY PASSED[/green] upstream rows=3808525 hash=1409130014 snapshot=LATEST
Verify duration=2.117s mode=FULL snapshot=LATEST
